<?xml version="1.0" encoding="UTF-8"?>
<testng-results ignored="0" total="1" passed="1" failed="0" skipped="0">
  <reporter-output>
  </reporter-output>
  <suite started-at="2024-02-01T19:15:43 IST" name="Default suite" finished-at="2024-02-01T19:15:45 IST" duration-ms="2512">
    <groups>
    </groups>
    <test started-at="2024-02-01T19:15:43 IST" name="Default test" finished-at="2024-02-01T19:15:45 IST" duration-ms="2512">
      <class name="Booking1.HealthCheck1">
        <test-method signature="healthCheck1()[pri:0, instance:Booking1.HealthCheck1@29d89d5d]" started-at="2024-02-01T19:15:43 IST" name="healthCheck1" finished-at="2024-02-01T19:15:45 IST" duration-ms="2482" status="PASS">
          <reporter-output>
          </reporter-output>
        </test-method> <!-- healthCheck1 -->
      </class> <!-- Booking1.HealthCheck1 -->
    </test> <!-- Default test -->
  </suite> <!-- Default suite -->
</testng-results>
